2021-08-17 09:26:30.082  INFO LAPTOP-CRV0L8OP --- [           main] n.A.AbxPackageDeliveryServiceApplication : Starting AbxPackageDeliveryServiceApplication using Java 15.0.1 on LAPTOP-CRV0L8OP with PID 1368 (D:\eclipse-web-workspace\ABX-package-delivery-service\build\classes\java\main started by Nipun in D:\eclipse-web-workspace\ABX-package-delivery-service)
2021-08-17 09:26:30.092 DEBUG LAPTOP-CRV0L8OP --- [           main] n.A.AbxPackageDeliveryServiceApplication : Running with Spring Boot v2.5.3, Spring v5.3.9
2021-08-17 09:26:30.093  INFO LAPTOP-CRV0L8OP --- [           main] n.A.AbxPackageDeliveryServiceApplication : No active profile set, falling back to default profiles: default
2021-08-17 09:26:31.179  INFO LAPTOP-CRV0L8OP --- [           main] n.A.AbxPackageDeliveryServiceApplication : Started AbxPackageDeliveryServiceApplication in 1.324 seconds (JVM running for 1.828)
2021-08-17 09:26:55.916 DEBUG LAPTOP-CRV0L8OP --- [nio-8080-exec-4] c.n.A.s.PackageDeliveryServiceImpl       : PackageDeliveryServiceImpl | getCustomerIdTypes method called
2021-08-17 09:32:17.425  INFO LAPTOP-CRV0L8OP --- [           main] n.A.AbxPackageDeliveryServiceApplication : Starting AbxPackageDeliveryServiceApplication using Java 15.0.1 on LAPTOP-CRV0L8OP with PID 3316 (D:\eclipse-web-workspace\ABX-package-delivery-service\build\classes\java\main started by Nipun in D:\eclipse-web-workspace\ABX-package-delivery-service)
2021-08-17 09:32:17.430 DEBUG LAPTOP-CRV0L8OP --- [           main] n.A.AbxPackageDeliveryServiceApplication : Running with Spring Boot v2.5.3, Spring v5.3.9
2021-08-17 09:32:17.430  INFO LAPTOP-CRV0L8OP --- [           main] n.A.AbxPackageDeliveryServiceApplication : No active profile set, falling back to default profiles: default
2021-08-17 09:32:18.488  INFO LAPTOP-CRV0L8OP --- [           main] n.A.AbxPackageDeliveryServiceApplication : Started AbxPackageDeliveryServiceApplication in 1.291 seconds (JVM running for 1.801)
2021-08-17 09:33:18.952 DEBUG LAPTOP-CRV0L8OP --- [nio-8080-exec-4] c.n.A.s.PackageDeliveryServiceImpl       : PackageDeliveryServiceImpl | getCupboardData method called
2021-08-17 10:02:37.930  INFO LAPTOP-CRV0L8OP --- [           main] n.A.AbxPackageDeliveryServiceApplication : Starting AbxPackageDeliveryServiceApplication using Java 15.0.1 on LAPTOP-CRV0L8OP with PID 16352 (D:\eclipse-web-workspace\ABX-package-delivery-service\build\classes\java\main started by Nipun in D:\eclipse-web-workspace\ABX-package-delivery-service)
2021-08-17 10:02:37.936 DEBUG LAPTOP-CRV0L8OP --- [           main] n.A.AbxPackageDeliveryServiceApplication : Running with Spring Boot v2.5.3, Spring v5.3.9
2021-08-17 10:02:37.936  INFO LAPTOP-CRV0L8OP --- [           main] n.A.AbxPackageDeliveryServiceApplication : No active profile set, falling back to default profiles: default
2021-08-17 10:02:39.026  INFO LAPTOP-CRV0L8OP --- [           main] n.A.AbxPackageDeliveryServiceApplication : Started AbxPackageDeliveryServiceApplication in 1.316 seconds (JVM running for 1.839)
2021-08-17 10:02:43.780 DEBUG LAPTOP-CRV0L8OP --- [nio-8080-exec-1] c.n.A.s.PackageDeliveryServiceImpl       : PackageDeliveryServiceImpl | getCustomerIdTypes method called
2021-08-17 10:14:10.823  INFO LAPTOP-CRV0L8OP --- [           main] n.A.AbxPackageDeliveryServiceApplication : Starting AbxPackageDeliveryServiceApplication using Java 15.0.1 on LAPTOP-CRV0L8OP with PID 2920 (D:\eclipse-web-workspace\ABX-package-delivery-service\build\classes\java\main started by Nipun in D:\eclipse-web-workspace\ABX-package-delivery-service)
2021-08-17 10:14:10.829 DEBUG LAPTOP-CRV0L8OP --- [           main] n.A.AbxPackageDeliveryServiceApplication : Running with Spring Boot v2.5.3, Spring v5.3.9
2021-08-17 10:14:10.829  INFO LAPTOP-CRV0L8OP --- [           main] n.A.AbxPackageDeliveryServiceApplication : No active profile set, falling back to default profiles: default
2021-08-17 10:18:45.488  INFO LAPTOP-CRV0L8OP --- [           main] n.A.AbxPackageDeliveryServiceApplication : Starting AbxPackageDeliveryServiceApplication using Java 15.0.1 on LAPTOP-CRV0L8OP with PID 2624 (D:\eclipse-web-workspace\ABX-package-delivery-service\build\classes\java\main started by Nipun in D:\eclipse-web-workspace\ABX-package-delivery-service)
2021-08-17 10:18:45.494 DEBUG LAPTOP-CRV0L8OP --- [           main] n.A.AbxPackageDeliveryServiceApplication : Running with Spring Boot v2.5.3, Spring v5.3.9
2021-08-17 10:18:45.494  INFO LAPTOP-CRV0L8OP --- [           main] n.A.AbxPackageDeliveryServiceApplication : No active profile set, falling back to default profiles: default
2021-08-17 10:22:36.362  INFO LAPTOP-CRV0L8OP --- [           main] n.A.AbxPackageDeliveryServiceApplication : Starting AbxPackageDeliveryServiceApplication using Java 15.0.1 on LAPTOP-CRV0L8OP with PID 3516 (D:\eclipse-web-workspace\ABX-package-delivery-service\build\classes\java\main started by Nipun in D:\eclipse-web-workspace\ABX-package-delivery-service)
2021-08-17 10:22:36.368 DEBUG LAPTOP-CRV0L8OP --- [           main] n.A.AbxPackageDeliveryServiceApplication : Running with Spring Boot v2.5.3, Spring v5.3.9
2021-08-17 10:22:36.368  INFO LAPTOP-CRV0L8OP --- [           main] n.A.AbxPackageDeliveryServiceApplication : No active profile set, falling back to default profiles: default
2021-08-17 10:22:37.483  INFO LAPTOP-CRV0L8OP --- [           main] n.A.AbxPackageDeliveryServiceApplication : Started AbxPackageDeliveryServiceApplication in 1.342 seconds (JVM running for 1.895)
2021-08-17 10:23:32.924  INFO LAPTOP-CRV0L8OP --- [           main] n.A.AbxPackageDeliveryServiceApplication : Starting AbxPackageDeliveryServiceApplication using Java 15.0.1 on LAPTOP-CRV0L8OP with PID 12968 (D:\eclipse-web-workspace\ABX-package-delivery-service\build\classes\java\main started by Nipun in D:\eclipse-web-workspace\ABX-package-delivery-service)
2021-08-17 10:23:32.929 DEBUG LAPTOP-CRV0L8OP --- [           main] n.A.AbxPackageDeliveryServiceApplication : Running with Spring Boot v2.5.3, Spring v5.3.9
2021-08-17 10:23:32.929  INFO LAPTOP-CRV0L8OP --- [           main] n.A.AbxPackageDeliveryServiceApplication : No active profile set, falling back to default profiles: default
2021-08-17 10:23:34.044  INFO LAPTOP-CRV0L8OP --- [           main] n.A.AbxPackageDeliveryServiceApplication : Started AbxPackageDeliveryServiceApplication in 1.339 seconds (JVM running for 1.856)
2021-08-17 10:25:18.265  INFO LAPTOP-CRV0L8OP --- [           main] n.A.AbxPackageDeliveryServiceApplication : Starting AbxPackageDeliveryServiceApplication using Java 15.0.1 on LAPTOP-CRV0L8OP with PID 10788 (D:\eclipse-web-workspace\ABX-package-delivery-service\build\classes\java\main started by Nipun in D:\eclipse-web-workspace\ABX-package-delivery-service)
2021-08-17 10:25:18.271 DEBUG LAPTOP-CRV0L8OP --- [           main] n.A.AbxPackageDeliveryServiceApplication : Running with Spring Boot v2.5.3, Spring v5.3.9
2021-08-17 10:25:18.272  INFO LAPTOP-CRV0L8OP --- [           main] n.A.AbxPackageDeliveryServiceApplication : No active profile set, falling back to default profiles: default
2021-08-17 10:25:19.368  INFO LAPTOP-CRV0L8OP --- [           main] n.A.AbxPackageDeliveryServiceApplication : Started AbxPackageDeliveryServiceApplication in 1.327 seconds (JVM running for 1.863)
2021-08-17 10:25:21.088 DEBUG LAPTOP-CRV0L8OP --- [nio-8080-exec-1] c.n.A.s.PackageDeliveryServiceImpl       : PackageDeliveryServiceImpl | getCupboardData method called
2021-08-17 10:26:41.816  INFO LAPTOP-CRV0L8OP --- [           main] n.A.AbxPackageDeliveryServiceApplication : Starting AbxPackageDeliveryServiceApplication using Java 15.0.1 on LAPTOP-CRV0L8OP with PID 14992 (D:\eclipse-web-workspace\ABX-package-delivery-service\build\classes\java\main started by Nipun in D:\eclipse-web-workspace\ABX-package-delivery-service)
2021-08-17 10:26:41.821 DEBUG LAPTOP-CRV0L8OP --- [           main] n.A.AbxPackageDeliveryServiceApplication : Running with Spring Boot v2.5.3, Spring v5.3.9
2021-08-17 10:26:41.822  INFO LAPTOP-CRV0L8OP --- [           main] n.A.AbxPackageDeliveryServiceApplication : No active profile set, falling back to default profiles: default
2021-08-17 10:26:42.957  INFO LAPTOP-CRV0L8OP --- [           main] n.A.AbxPackageDeliveryServiceApplication : Started AbxPackageDeliveryServiceApplication in 1.361 seconds (JVM running for 1.896)
2021-08-17 10:26:48.559 DEBUG LAPTOP-CRV0L8OP --- [nio-8080-exec-1] c.n.A.s.PackageDeliveryServiceImpl       : PackageDeliveryServiceImpl | getCupboardData method called
2021-08-17 10:41:05.410  INFO LAPTOP-CRV0L8OP --- [           main] n.A.AbxPackageDeliveryServiceApplication : Starting AbxPackageDeliveryServiceApplication using Java 15.0.1 on LAPTOP-CRV0L8OP with PID 9300 (D:\eclipse-web-workspace\ABX-package-delivery-service\build\classes\java\main started by Nipun in D:\eclipse-web-workspace\ABX-package-delivery-service)
2021-08-17 10:41:05.416 DEBUG LAPTOP-CRV0L8OP --- [           main] n.A.AbxPackageDeliveryServiceApplication : Running with Spring Boot v2.5.3, Spring v5.3.9
2021-08-17 10:41:05.416  INFO LAPTOP-CRV0L8OP --- [           main] n.A.AbxPackageDeliveryServiceApplication : No active profile set, falling back to default profiles: default
2021-08-17 10:41:07.099  INFO LAPTOP-CRV0L8OP --- [           main] n.A.AbxPackageDeliveryServiceApplication : Started AbxPackageDeliveryServiceApplication in 1.921 seconds (JVM running for 2.443)
2021-08-17 10:48:49.526  INFO LAPTOP-CRV0L8OP --- [           main] n.A.AbxPackageDeliveryServiceApplication : Starting AbxPackageDeliveryServiceApplication using Java 15.0.1 on LAPTOP-CRV0L8OP with PID 17736 (D:\eclipse-web-workspace\ABX-package-delivery-service\build\classes\java\main started by Nipun in D:\eclipse-web-workspace\ABX-package-delivery-service)
2021-08-17 10:48:49.531 DEBUG LAPTOP-CRV0L8OP --- [           main] n.A.AbxPackageDeliveryServiceApplication : Running with Spring Boot v2.5.3, Spring v5.3.9
2021-08-17 10:48:49.532  INFO LAPTOP-CRV0L8OP --- [           main] n.A.AbxPackageDeliveryServiceApplication : No active profile set, falling back to default profiles: default
2021-08-17 10:48:51.275  INFO LAPTOP-CRV0L8OP --- [           main] n.A.AbxPackageDeliveryServiceApplication : Started AbxPackageDeliveryServiceApplication in 1.971 seconds (JVM running for 2.497)
2021-08-17 10:54:43.677  INFO LAPTOP-CRV0L8OP --- [           main] n.A.AbxPackageDeliveryServiceApplication : Starting AbxPackageDeliveryServiceApplication using Java 15.0.1 on LAPTOP-CRV0L8OP with PID 1356 (D:\eclipse-web-workspace\ABX-package-delivery-service\build\classes\java\main started by Nipun in D:\eclipse-web-workspace\ABX-package-delivery-service)
2021-08-17 10:54:43.683 DEBUG LAPTOP-CRV0L8OP --- [           main] n.A.AbxPackageDeliveryServiceApplication : Running with Spring Boot v2.5.3, Spring v5.3.9
2021-08-17 10:54:43.683  INFO LAPTOP-CRV0L8OP --- [           main] n.A.AbxPackageDeliveryServiceApplication : No active profile set, falling back to default profiles: default
2021-08-17 10:54:45.395  INFO LAPTOP-CRV0L8OP --- [           main] n.A.AbxPackageDeliveryServiceApplication : Started AbxPackageDeliveryServiceApplication in 1.943 seconds (JVM running for 2.497)
2021-08-17 10:57:56.809 DEBUG LAPTOP-CRV0L8OP --- [nio-8080-exec-4] c.n.A.s.PackageDeliveryServiceImpl       : PackageDeliveryServiceImpl | getDeliveryTypes method called
2021-08-17 11:12:52.479  INFO LAPTOP-CRV0L8OP --- [           main] n.A.AbxPackageDeliveryServiceApplication : Starting AbxPackageDeliveryServiceApplication using Java 15.0.1 on LAPTOP-CRV0L8OP with PID 5268 (D:\eclipse-web-workspace\ABX-package-delivery-service\build\classes\java\main started by Nipun in D:\eclipse-web-workspace\ABX-package-delivery-service)
2021-08-17 11:12:52.484 DEBUG LAPTOP-CRV0L8OP --- [           main] n.A.AbxPackageDeliveryServiceApplication : Running with Spring Boot v2.5.3, Spring v5.3.9
2021-08-17 11:12:52.485  INFO LAPTOP-CRV0L8OP --- [           main] n.A.AbxPackageDeliveryServiceApplication : No active profile set, falling back to default profiles: default
2021-08-17 11:12:54.129  INFO LAPTOP-CRV0L8OP --- [           main] n.A.AbxPackageDeliveryServiceApplication : Started AbxPackageDeliveryServiceApplication in 1.886 seconds (JVM running for 2.437)
2021-08-17 11:26:50.189  INFO LAPTOP-CRV0L8OP --- [           main] n.A.AbxPackageDeliveryServiceApplication : Starting AbxPackageDeliveryServiceApplication using Java 15.0.1 on LAPTOP-CRV0L8OP with PID 19172 (D:\eclipse-web-workspace\ABX-package-delivery-service\build\classes\java\main started by Nipun in D:\eclipse-web-workspace\ABX-package-delivery-service)
2021-08-17 11:26:50.198 DEBUG LAPTOP-CRV0L8OP --- [           main] n.A.AbxPackageDeliveryServiceApplication : Running with Spring Boot v2.5.3, Spring v5.3.9
2021-08-17 11:26:50.198  INFO LAPTOP-CRV0L8OP --- [           main] n.A.AbxPackageDeliveryServiceApplication : No active profile set, falling back to default profiles: default
2021-08-17 11:26:51.877  INFO LAPTOP-CRV0L8OP --- [           main] n.A.AbxPackageDeliveryServiceApplication : Started AbxPackageDeliveryServiceApplication in 1.925 seconds (JVM running for 2.47)
2021-08-17 11:43:50.675  INFO LAPTOP-CRV0L8OP --- [           main] n.A.AbxPackageDeliveryServiceApplication : Starting AbxPackageDeliveryServiceApplication using Java 15.0.1 on LAPTOP-CRV0L8OP with PID 20504 (D:\eclipse-web-workspace\ABX-package-delivery-service\build\classes\java\main started by Nipun in D:\eclipse-web-workspace\ABX-package-delivery-service)
2021-08-17 11:43:50.681 DEBUG LAPTOP-CRV0L8OP --- [           main] n.A.AbxPackageDeliveryServiceApplication : Running with Spring Boot v2.5.3, Spring v5.3.9
2021-08-17 11:43:50.681  INFO LAPTOP-CRV0L8OP --- [           main] n.A.AbxPackageDeliveryServiceApplication : No active profile set, falling back to default profiles: default
2021-08-17 11:43:52.243  INFO LAPTOP-CRV0L8OP --- [           main] n.A.AbxPackageDeliveryServiceApplication : Started AbxPackageDeliveryServiceApplication in 1.785 seconds (JVM running for 2.34)
2021-08-17 11:44:20.317 DEBUG LAPTOP-CRV0L8OP --- [nio-8080-exec-3] c.n.A.s.PackageDeliveryServiceImpl       : PackageDeliveryServiceImpl | registerPackage method called
2021-08-17 11:44:20.423 DEBUG LAPTOP-CRV0L8OP --- [nio-8080-exec-3] c.n.A.s.PackageDeliveryServiceImpl       : PackageDeliveryServiceImpl | setPackageTypeData method called to retrieve relevent package type data from DB
2021-08-17 11:44:20.432 DEBUG LAPTOP-CRV0L8OP --- [nio-8080-exec-3] c.n.A.s.PackageDeliveryServiceImpl       : PackageDeliveryServiceImpl | generatePackageRegNo method called
2021-08-17 11:44:20.444 DEBUG LAPTOP-CRV0L8OP --- [nio-8080-exec-3] c.n.A.s.PackageDeliveryServiceImpl       : PackageDeliveryServiceImpl | Package Registration No. generated
2021-08-17 11:44:20.444 DEBUG LAPTOP-CRV0L8OP --- [nio-8080-exec-3] c.n.A.s.PackageDeliveryServiceImpl       : PackageDeliveryServiceImpl | setPackageTypeData method called to retrieve relevent package type data from DB
2021-08-17 11:44:20.447 DEBUG LAPTOP-CRV0L8OP --- [nio-8080-exec-3] c.n.A.s.PackageDeliveryServiceImpl       : PackageDeliveryServiceImpl | setWeightData method called to retrieve relevent weight data from DB
2021-08-17 11:44:20.449 DEBUG LAPTOP-CRV0L8OP --- [nio-8080-exec-3] c.n.A.s.PackageDeliveryServiceImpl       : PackageDeliveryServiceImpl | validateCustomerDetails method called
2021-08-17 11:44:20.449  INFO LAPTOP-CRV0L8OP --- [nio-8080-exec-3] c.n.A.s.PackageDeliveryServiceImpl       : PackageDeliveryServiceImpl | valid NIC number
2021-08-17 11:44:20.449 DEBUG LAPTOP-CRV0L8OP --- [nio-8080-exec-3] c.n.A.s.PackageDeliveryServiceImpl       : PackageDeliveryServiceImpl | validatePhoneNumber method called
2021-08-17 11:44:20.449 DEBUG LAPTOP-CRV0L8OP --- [nio-8080-exec-3] c.n.A.s.PackageDeliveryServiceImpl       : PackageDeliveryServiceImpl | valid Passport Number
2021-08-17 11:44:20.449 DEBUG LAPTOP-CRV0L8OP --- [nio-8080-exec-3] c.n.A.s.PackageDeliveryServiceImpl       : PackageDeliveryServiceImpl | validateEmail method called
2021-08-17 11:44:20.449 DEBUG LAPTOP-CRV0L8OP --- [nio-8080-exec-3] c.n.A.s.PackageDeliveryServiceImpl       : PackageDeliveryServiceImpl | valid Passport Number
2021-08-17 11:44:20.449 DEBUG LAPTOP-CRV0L8OP --- [nio-8080-exec-3] c.n.A.s.PackageDeliveryServiceImpl       : PackageDeliveryServiceImpl | getCustomerData method called
2021-08-17 11:44:20.452 DEBUG LAPTOP-CRV0L8OP --- [nio-8080-exec-3] c.n.A.s.PackageDeliveryServiceImpl       : PackageDeliveryServiceImpl | validateCustomerDetails method called
2021-08-17 11:44:20.452  INFO LAPTOP-CRV0L8OP --- [nio-8080-exec-3] c.n.A.s.PackageDeliveryServiceImpl       : PackageDeliveryServiceImpl | valid NIC number
2021-08-17 11:44:20.452 DEBUG LAPTOP-CRV0L8OP --- [nio-8080-exec-3] c.n.A.s.PackageDeliveryServiceImpl       : PackageDeliveryServiceImpl | validatePhoneNumber method called
2021-08-17 11:44:20.452 DEBUG LAPTOP-CRV0L8OP --- [nio-8080-exec-3] c.n.A.s.PackageDeliveryServiceImpl       : PackageDeliveryServiceImpl | valid Passport Number
2021-08-17 11:44:20.452 DEBUG LAPTOP-CRV0L8OP --- [nio-8080-exec-3] c.n.A.s.PackageDeliveryServiceImpl       : PackageDeliveryServiceImpl | validateEmail method called
2021-08-17 11:44:20.453 DEBUG LAPTOP-CRV0L8OP --- [nio-8080-exec-3] c.n.A.s.PackageDeliveryServiceImpl       : PackageDeliveryServiceImpl | valid Passport Number
2021-08-17 11:44:20.453 DEBUG LAPTOP-CRV0L8OP --- [nio-8080-exec-3] c.n.A.s.PackageDeliveryServiceImpl       : PackageDeliveryServiceImpl | getCustomerData method called
2021-08-17 11:44:20.455 DEBUG LAPTOP-CRV0L8OP --- [nio-8080-exec-3] c.n.A.s.PackageDeliveryServiceImpl       : PackageDeliveryServiceImpl | setDeliveryTypeData method called to retrieve relevent delivery type data from DB
2021-08-17 11:44:20.464 DEBUG LAPTOP-CRV0L8OP --- [nio-8080-exec-3] c.n.A.s.PackageDeliveryServiceImpl       : PackageDeliveryServiceImpl | package registered
2021-08-17 12:09:19.742  INFO LAPTOP-CRV0L8OP --- [           main] n.A.AbxPackageDeliveryServiceApplication : Starting AbxPackageDeliveryServiceApplication using Java 15.0.1 on LAPTOP-CRV0L8OP with PID 19060 (D:\eclipse-web-workspace\ABX-package-delivery-service\build\classes\java\main started by Nipun in D:\eclipse-web-workspace\ABX-package-delivery-service)
2021-08-17 12:09:19.748 DEBUG LAPTOP-CRV0L8OP --- [           main] n.A.AbxPackageDeliveryServiceApplication : Running with Spring Boot v2.5.3, Spring v5.3.9
2021-08-17 12:09:19.748  INFO LAPTOP-CRV0L8OP --- [           main] n.A.AbxPackageDeliveryServiceApplication : No active profile set, falling back to default profiles: default
2021-08-17 12:09:21.379  INFO LAPTOP-CRV0L8OP --- [           main] n.A.AbxPackageDeliveryServiceApplication : Started AbxPackageDeliveryServiceApplication in 1.868 seconds (JVM running for 2.388)
2021-08-17 12:10:52.044  INFO LAPTOP-CRV0L8OP --- [           main] n.A.AbxPackageDeliveryServiceApplication : Starting AbxPackageDeliveryServiceApplication using Java 15.0.1 on LAPTOP-CRV0L8OP with PID 20976 (D:\eclipse-web-workspace\ABX-package-delivery-service\build\classes\java\main started by Nipun in D:\eclipse-web-workspace\ABX-package-delivery-service)
2021-08-17 12:10:52.050 DEBUG LAPTOP-CRV0L8OP --- [           main] n.A.AbxPackageDeliveryServiceApplication : Running with Spring Boot v2.5.3, Spring v5.3.9
2021-08-17 12:10:52.050  INFO LAPTOP-CRV0L8OP --- [           main] n.A.AbxPackageDeliveryServiceApplication : No active profile set, falling back to default profiles: default
2021-08-17 12:10:53.706  INFO LAPTOP-CRV0L8OP --- [           main] n.A.AbxPackageDeliveryServiceApplication : Started AbxPackageDeliveryServiceApplication in 1.888 seconds (JVM running for 2.469)
2021-08-17 12:11:13.546  INFO LAPTOP-CRV0L8OP --- [           main] n.A.AbxPackageDeliveryServiceApplication : Starting AbxPackageDeliveryServiceApplication using Java 15.0.1 on LAPTOP-CRV0L8OP with PID 14732 (D:\eclipse-web-workspace\ABX-package-delivery-service\build\classes\java\main started by Nipun in D:\eclipse-web-workspace\ABX-package-delivery-service)
2021-08-17 12:11:13.552 DEBUG LAPTOP-CRV0L8OP --- [           main] n.A.AbxPackageDeliveryServiceApplication : Running with Spring Boot v2.5.3, Spring v5.3.9
2021-08-17 12:11:13.552  INFO LAPTOP-CRV0L8OP --- [           main] n.A.AbxPackageDeliveryServiceApplication : No active profile set, falling back to default profiles: default
2021-08-17 12:11:15.152  INFO LAPTOP-CRV0L8OP --- [           main] n.A.AbxPackageDeliveryServiceApplication : Started AbxPackageDeliveryServiceApplication in 1.824 seconds (JVM running for 2.336)
